01-24-26 12:28:49.653 Starting Javalin ...
01-24-26 12:28:49.670 jetty-11.0.25; built: 2025-03-13T00:15:57.301Z; git: a2e9fae3ad8320f2a713d4fa29bba356a99d1295; jvm 25.0.1+8-27
01-24-26 12:28:49.776 Session workerName=node0
01-24-26 12:28:49.800 Started o.e.j.s.ServletContextHandler@509e7237{/,null,AVAILABLE}
01-24-26 12:28:49.815 Started ServerConnector@3d8be17e{HTTP/1.1, (http/1.1)}{0.0.0.0:7000}
01-24-26 12:28:49.827 Started Server@77c7712c{STARTING}[11.0.25,sto=0] @1659ms
01-24-26 12:28:49.828 
       __                  ___           _____
      / /___ __   ______ _/ (_)___      / ___/
 __  / / __ `/ | / / __ `/ / / __ \    / __ \
/ /_/ / /_/ /| |/ / /_/ / / / / / /   / /_/ /
\____/\__,_/ |___/\__,_/_/_/_/ /_/    \____/

       https://javalin.io/documentation

01-24-26 12:28:49.832 Javalin started in 307ms \o/
01-24-26 12:28:49.841 Listening on http://localhost:7000/
01-24-26 12:28:49.864 You are running Javalin 6.7.0 (released June 22, 2025. Your Javalin version is 215 days old. Consider checking for a newer version.).
01-24-26 12:28:50.059 [LOG] [POST] /api/lobbies [0:0:0:0:0:0:0:1]
01-24-26 12:28:50.189 [LOG] [LobbySocketClient] New WebSocket connection initialized: 70ab90b7-3e8c-4454-bcc9-1d9694e360c0
01-24-26 12:28:50.625 [LOG] [LobbySocketClient] New WebSocket connection initialized: 976793ec-d673-4c3a-98d2-4682a809802f
01-24-26 12:28:51.131 Stopping Javalin ...
01-24-26 12:28:51.132 Stopped Server@77c7712c{STOPPING}[11.0.25,sto=0]
01-24-26 12:28:51.141 Stopped ServerConnector@3d8be17e{HTTP/1.1, (http/1.1)}{0.0.0.0:7000}
01-24-26 12:28:51.146 Stopped o.e.j.s.ServletContextHandler@509e7237{/,null,STOPPED}
01-24-26 12:28:51.150 Javalin has stopped
01-24-26 12:28:51.172 Starting Javalin ...
01-24-26 12:28:51.173 jetty-11.0.25; built: 2025-03-13T00:15:57.301Z; git: a2e9fae3ad8320f2a713d4fa29bba356a99d1295; jvm 25.0.1+8-27
01-24-26 12:28:51.182 Session workerName=node0
01-24-26 12:28:51.184 Started o.e.j.s.ServletContextHandler@126089fb{/,null,AVAILABLE}
01-24-26 12:28:51.198 Started ServerConnector@f28eb48{HTTP/1.1, (http/1.1)}{0.0.0.0:7000}
01-24-26 12:28:51.199 Started Server@58c4f202{STARTING}[11.0.25,sto=0] @3031ms
01-24-26 12:28:51.199 
       __                  ___           _____
      / /___ __   ______ _/ (_)___      / ___/
 __  / / __ `/ | / / __ `/ / / __ \    / __ \
/ /_/ / /_/ /| |/ / /_/ / / / / / /   / /_/ /
\____/\__,_/ |___/\__,_/_/_/_/ /_/    \____/

       https://javalin.io/documentation

01-24-26 12:28:51.201 Javalin started in 31ms \o/
01-24-26 12:28:51.202 Listening on http://localhost:7000/
01-24-26 12:28:51.204 You are running Javalin 6.7.0 (released June 22, 2025. Your Javalin version is 215 days old. Consider checking for a newer version.).
01-24-26 12:28:51.294 [LOG] [LobbySocketClient] New WebSocket connection initialized: 5a3880ea-29ab-4020-a41d-8fd0169486a9
01-24-26 12:28:52.292 Stopping Javalin ...
01-24-26 12:28:52.292 Stopped Server@58c4f202{STOPPING}[11.0.25,sto=0]
01-24-26 12:28:52.296 Stopped ServerConnector@f28eb48{HTTP/1.1, (http/1.1)}{0.0.0.0:7000}
01-24-26 12:28:52.299 Stopped o.e.j.s.ServletContextHandler@126089fb{/,null,STOPPED}
01-24-26 12:28:52.301 Javalin has stopped
01-24-26 12:28:52.311 Starting Javalin ...
01-24-26 12:28:52.312 jetty-11.0.25; built: 2025-03-13T00:15:57.301Z; git: a2e9fae3ad8320f2a713d4fa29bba356a99d1295; jvm 25.0.1+8-27
01-24-26 12:28:52.318 Session workerName=node0
01-24-26 12:28:52.319 Started o.e.j.s.ServletContextHandler@44d20287{/,null,AVAILABLE}
01-24-26 12:28:52.323 Started ServerConnector@472c8c3f{HTTP/1.1, (http/1.1)}{0.0.0.0:7000}
01-24-26 12:28:52.324 Started Server@5c7ec732{STARTING}[11.0.25,sto=0] @4157ms
01-24-26 12:28:52.325 
       __                  ___           _____
      / /___ __   ______ _/ (_)___      / ___/
 __  / / __ `/ | / / __ `/ / / __ \    / __ \
/ /_/ / /_/ /| |/ / /_/ / / / / / /   / /_/ /
\____/\__,_/ |___/\__,_/_/_/_/ /_/    \____/

       https://javalin.io/documentation

01-24-26 12:28:52.325 Javalin started in 15ms \o/
01-24-26 12:28:52.326 Listening on http://localhost:7000/
01-24-26 12:28:52.327 You are running Javalin 6.7.0 (released June 22, 2025. Your Javalin version is 215 days old. Consider checking for a newer version.).
01-24-26 12:28:52.418 [LOG] [POST] /api/lobbies [0:0:0:0:0:0:0:1]
01-24-26 12:28:52.426 [LOG] [GET] /api/lobbies [0:0:0:0:0:0:0:1]
01-24-26 12:28:52.437 Stopping Javalin ...
01-24-26 12:28:52.438 Stopped Server@5c7ec732{STOPPING}[11.0.25,sto=0]
01-24-26 12:28:52.442 Stopped ServerConnector@472c8c3f{HTTP/1.1, (http/1.1)}{0.0.0.0:7000}
01-24-26 12:28:52.443 Stopped o.e.j.s.ServletContextHandler@44d20287{/,null,STOPPED}
01-24-26 12:28:52.445 Javalin has stopped
01-24-26 12:28:52.454 Starting Javalin ...
01-24-26 12:28:52.455 jetty-11.0.25; built: 2025-03-13T00:15:57.301Z; git: a2e9fae3ad8320f2a713d4fa29bba356a99d1295; jvm 25.0.1+8-27
01-24-26 12:28:52.463 Session workerName=node0
01-24-26 12:28:52.465 Started o.e.j.s.ServletContextHandler@4d579051{/,null,AVAILABLE}
01-24-26 12:28:52.468 Started ServerConnector@197057e{HTTP/1.1, (http/1.1)}{0.0.0.0:7000}
01-24-26 12:28:52.469 Started Server@5b3509c2{STARTING}[11.0.25,sto=0] @4301ms
01-24-26 12:28:52.469 
       __                  ___           _____
      / /___ __   ______ _/ (_)___      / ___/
 __  / / __ `/ | / / __ `/ / / __ \    / __ \
/ /_/ / /_/ /| |/ / /_/ / / / / / /   / /_/ /
\____/\__,_/ |___/\__,_/_/_/_/ /_/    \____/

       https://javalin.io/documentation

01-24-26 12:28:52.470 Javalin started in 17ms \o/
01-24-26 12:28:52.470 Listening on http://localhost:7000/
01-24-26 12:28:52.472 You are running Javalin 6.7.0 (released June 22, 2025. Your Javalin version is 215 days old. Consider checking for a newer version.).
01-24-26 12:28:52.558 [LOG] [POST] /api/lobbies [0:0:0:0:0:0:0:1]
01-24-26 12:28:52.562 Stopping Javalin ...
01-24-26 12:28:52.563 Stopped Server@5b3509c2{STOPPING}[11.0.25,sto=0]
01-24-26 12:28:52.566 Stopped ServerConnector@197057e{HTTP/1.1, (http/1.1)}{0.0.0.0:7000}
01-24-26 12:28:52.567 Stopped o.e.j.s.ServletContextHandler@4d579051{/,null,STOPPED}
01-24-26 12:28:52.569 Javalin has stopped
01-24-26 12:28:52.579 Starting Javalin ...
01-24-26 12:28:52.580 jetty-11.0.25; built: 2025-03-13T00:15:57.301Z; git: a2e9fae3ad8320f2a713d4fa29bba356a99d1295; jvm 25.0.1+8-27
01-24-26 12:28:52.585 Session workerName=node0
01-24-26 12:28:52.587 Started o.e.j.s.ServletContextHandler@5bbf7058{/,null,AVAILABLE}
01-24-26 12:28:52.589 Started ServerConnector@f15854d{HTTP/1.1, (http/1.1)}{0.0.0.0:7000}
01-24-26 12:28:52.590 Started Server@3351b89{STARTING}[11.0.25,sto=0] @4423ms
01-24-26 12:28:52.591 
       __                  ___           _____
      / /___ __   ______ _/ (_)___      / ___/
 __  / / __ `/ | / / __ `/ / / __ \    / __ \
/ /_/ / /_/ /| |/ / /_/ / / / / / /   / /_/ /
\____/\__,_/ |___/\__,_/_/_/_/ /_/    \____/

       https://javalin.io/documentation

01-24-26 12:28:52.591 Javalin started in 13ms \o/
01-24-26 12:28:52.591 Listening on http://localhost:7000/
01-24-26 12:28:52.592 You are running Javalin 6.7.0 (released June 22, 2025. Your Javalin version is 215 days old. Consider checking for a newer version.).
01-24-26 12:28:52.682 [LOG] [POST] /api/lobbies [0:0:0:0:0:0:0:1]
01-24-26 12:28:52.692 [LOG] [LobbySocketClient] New WebSocket connection initialized: 6fa8bd81-5988-42fd-97ec-b056aac5c000
01-24-26 12:28:53.693 Stopping Javalin ...
01-24-26 12:28:53.694 Stopped Server@3351b89{STOPPING}[11.0.25,sto=0]
01-24-26 12:28:53.696 Stopped ServerConnector@f15854d{HTTP/1.1, (http/1.1)}{0.0.0.0:7000}
01-24-26 12:28:53.697 Stopped o.e.j.s.ServletContextHandler@5bbf7058{/,null,STOPPED}
01-24-26 12:28:53.698 Javalin has stopped
01-24-26 12:28:53.704 Starting Javalin ...
01-24-26 12:28:53.705 jetty-11.0.25; built: 2025-03-13T00:15:57.301Z; git: a2e9fae3ad8320f2a713d4fa29bba356a99d1295; jvm 25.0.1+8-27
01-24-26 12:28:53.709 Session workerName=node0
01-24-26 12:28:53.710 Started o.e.j.s.ServletContextHandler@623e16bd{/,null,AVAILABLE}
01-24-26 12:28:53.712 Started ServerConnector@14d1a8b8{HTTP/1.1, (http/1.1)}{0.0.0.0:7000}
01-24-26 12:28:53.713 Started Server@2b819dbc{STARTING}[11.0.25,sto=0] @5545ms
01-24-26 12:28:53.713 
       __                  ___           _____
      / /___ __   ______ _/ (_)___      / ___/
 __  / / __ `/ | / / __ `/ / / __ \    / __ \
/ /_/ / /_/ /| |/ / /_/ / / / / / /   / /_/ /
\____/\__,_/ |___/\__,_/_/_/_/ /_/    \____/

       https://javalin.io/documentation

01-24-26 12:28:53.714 Javalin started in 11ms \o/
01-24-26 12:28:53.715 Listening on http://localhost:7000/
01-24-26 12:28:53.716 You are running Javalin 6.7.0 (released June 22, 2025. Your Javalin version is 215 days old. Consider checking for a newer version.).
01-24-26 12:28:53.809 [LOG] [POST] /api/lobbies [0:0:0:0:0:0:0:1]
01-24-26 12:28:53.821 [LOG] [LobbySocketClient] New WebSocket connection initialized: c47086e6-1228-479c-acb2-0547d5aade9d
01-24-26 12:28:54.326 [LOG] [LobbySocketClient] New WebSocket connection initialized: 1053fcbd-00da-4e90-a4d3-a8479e317022
01-24-26 12:28:54.834 [LOG] [LobbySocketClient] New WebSocket connection initialized: 9fa3d151-0c30-4ca9-80b7-f2161c530c8b
01-24-26 12:28:55.334 Stopping Javalin ...
01-24-26 12:28:55.335 Stopped Server@2b819dbc{STOPPING}[11.0.25,sto=0]
01-24-26 12:28:55.338 Stopped ServerConnector@14d1a8b8{HTTP/1.1, (http/1.1)}{0.0.0.0:7000}
01-24-26 12:28:55.339 Stopped o.e.j.s.ServletContextHandler@623e16bd{/,null,STOPPED}
01-24-26 12:28:55.341 Javalin has stopped
01-24-26 12:28:55.357 Starting Javalin ...
01-24-26 12:28:55.357 jetty-11.0.25; built: 2025-03-13T00:15:57.301Z; git: a2e9fae3ad8320f2a713d4fa29bba356a99d1295; jvm 25.0.1+8-27
01-24-26 12:28:55.363 Session workerName=node0
01-24-26 12:28:55.364 Started o.e.j.s.ServletContextHandler@7e7c5cd9{/,null,AVAILABLE}
01-24-26 12:28:55.368 Started ServerConnector@6bbda605{HTTP/1.1, (http/1.1)}{0.0.0.0:7000}
01-24-26 12:28:55.369 Started Server@7c592d9e{STARTING}[11.0.25,sto=0] @7201ms
01-24-26 12:28:55.369 
       __                  ___           _____
      / /___ __   ______ _/ (_)___      / ___/
 __  / / __ `/ | / / __ `/ / / __ \    / __ \
/ /_/ / /_/ /| |/ / /_/ / / / / / /   / /_/ /
\____/\__,_/ |___/\__,_/_/_/_/ /_/    \____/

       https://javalin.io/documentation

01-24-26 12:28:55.369 Javalin started in 13ms \o/
01-24-26 12:28:55.370 Listening on http://localhost:7000/
01-24-26 12:28:55.371 [LOG] [GET] /api/ping 127.0.0.1
01-24-26 12:28:55.372 You are running Javalin 6.7.0 (released June 22, 2025. Your Javalin version is 215 days old. Consider checking for a newer version.).
